\BOOKMARK [0][-]{chapter.1}{Anleitung Taschenrechner f\374r das iPhone}{}% 1
\BOOKMARK [1][-]{section.1.1}{Vorwort}{chapter.1}% 2
\BOOKMARK [1][-]{section.1.2}{Portrait-View}{chapter.1}% 3
\BOOKMARK [1][-]{section.1.3}{Landscape-View}{chapter.1}% 4
\BOOKMARK [1][-]{section.1.4}{Funktionsumfang}{chapter.1}% 5
\BOOKMARK [2][-]{subsection.1.4.1}{Grundlagen}{section.1.4}% 6
\BOOKMARK [3][-]{subsubsection.1.4.1.1}{Der Platzhalter}{subsection.1.4.1}% 7
\BOOKMARK [3][-]{subsubsection.1.4.1.2}{Navigation und der Focus}{subsection.1.4.1}% 8
\BOOKMARK [3][-]{subsubsection.1.4.1.3}{Zahlen}{subsection.1.4.1}% 9
\BOOKMARK [3][-]{subsubsection.1.4.1.4}{Operatoren}{subsection.1.4.1}% 10
\BOOKMARK [3][-]{subsubsection.1.4.1.5}{Auswertung}{subsection.1.4.1}% 11
\BOOKMARK [2][-]{subsection.1.4.2}{Weitere Funktionalit\344ten}{section.1.4}% 12
\BOOKMARK [3][-]{subsubsection.1.4.2.1}{Mathematische Funktionen}{subsection.1.4.2}% 13
\BOOKMARK [3][-]{subsubsection.1.4.2.2}{Konstanten}{subsection.1.4.2}% 14
\BOOKMARK [3][-]{subsubsection.1.4.2.3}{Variablen}{subsection.1.4.2}% 15
\BOOKMARK [3][-]{subsubsection.1.4.2.4}{Sondertasten}{subsection.1.4.2}% 16
\BOOKMARK [-1][-]{part.1}{Dokumentation}{}% 17
\BOOKMARK [0][-]{chapter.2}{Einleitung}{part.1}% 18
\BOOKMARK [1][-]{section.2.1}{Umsetzung f\374r iOs}{chapter.2}% 19
\BOOKMARK [0][-]{chapter.3}{Programmablauf}{part.1}% 20
\BOOKMARK [1][-]{section.3.1}{Eingabe von Symbolen}{chapter.3}% 21
\BOOKMARK [2][-]{subsection.3.1.1}{Allgemein}{section.3.1}% 22
\BOOKMARK [2][-]{subsection.3.1.2}{Beispiel XCSpacer-triggerNum}{section.3.1}% 23
\BOOKMARK [2][-]{subsection.3.1.3}{Beispiel Operatoraufruf}{section.3.1}% 24
\BOOKMARK [1][-]{section.3.2}{Berechnung von Ausdr\374cken}{chapter.3}% 25
\BOOKMARK [0][-]{chapter.4}{Klassen}{part.1}% 26
\BOOKMARK [1][-]{section.4.1}{XCViewController}{chapter.4}% 27
\BOOKMARK [1][-]{section.4.2}{Kernel}{chapter.4}% 28
\BOOKMARK [2][-]{subsection.4.2.1}{Schnittstellen \(Protocols\)}{section.4.2}% 29
\BOOKMARK [2][-]{subsection.4.2.2}{XCKernel}{section.4.2}% 30
\BOOKMARK [2][-]{subsection.4.2.3}{Hilfsklassen}{section.4.2}% 31
\BOOKMARK [2][-]{subsection.4.2.4}{Syntax-Tree}{section.4.2}% 32
\BOOKMARK [3][-]{subsubsection.4.2.4.1}{XCTupleElement}{subsection.4.2.4}% 33
\BOOKMARK [3][-]{subsubsection.4.2.4.2}{XCSimpleElement}{subsection.4.2.4}% 34
\BOOKMARK [3][-]{subsubsection.4.2.4.3}{XCTerminalElement}{subsection.4.2.4}% 35
\BOOKMARK [0][-]{chapter.5}{Tests}{part.1}% 36
